<?xml version="1.0" encoding="UTF-8"?>
<testsuite name="JUnit Jupiter" tests="6" skipped="0" failures="0" errors="0" time="0.083" hostname="bimba" timestamp="2025-05-12T10:45:45">
<properties>
[...]
</properties>
<testcase name="testIsWithinArea_Q1()" classname="org.web.lab3.beans.PointBeanTest" time="0.005">
<system-out><![CDATA[
unique-id: [engine:junit-jupiter]/[class:org.web.lab3.beans.PointBeanTest]/[method:testIsWithinArea_Q1()]
display-name: testIsWithinArea_Q1()
]]></system-out>
</testcase>
<testcase name="testIsWithinArea_Q2()" classname="org.web.lab3.beans.PointBeanTest" time="0">
<system-out><![CDATA[
unique-id: [engine:junit-jupiter]/[class:org.web.lab3.beans.PointBeanTest]/[method:testIsWithinArea_Q2()]
display-name: testIsWithinArea_Q2()
]]></system-out>
</testcase>
<testcase name="testIsWithinArea_Q3()" classname="org.web.lab3.beans.PointBeanTest" time="0">
<system-out><![CDATA[
unique-id: [engine:junit-jupiter]/[class:org.web.lab3.beans.PointBeanTest]/[method:testIsWithinArea_Q3()]
display-name: testIsWithinArea_Q3()
]]></system-out>
</testcase>
<testcase name="testIsWithinArea_Q4()" classname="org.web.lab3.beans.PointBeanTest" time="0">
<system-out><![CDATA[
unique-id: [engine:junit-jupiter]/[class:org.web.lab3.beans.PointBeanTest]/[method:testIsWithinArea_Q4()]
display-name: testIsWithinArea_Q4()
]]></system-out>
</testcase>
<testcase name="testGetCurrentTimeFormat()" classname="org.web.lab3.beans.ClockBeanTest" time="0.024">
<system-out><![CDATA[
unique-id: [engine:junit-jupiter]/[class:org.web.lab3.beans.ClockBeanTest]/[method:testGetCurrentTimeFormat()]
display-name: testGetCurrentTimeFormat()
]]></system-out>
</testcase>
<testcase name="testSetInvalidRadius()" classname="org.web.lab3.beans.PointBeanTest" time="0.019">
<system-out><![CDATA[
unique-id: [engine:junit-jupiter]/[class:org.web.lab3.beans.PointBeanTest]/[method:testSetInvalidRadius()]
display-name: testSetInvalidRadius()
]]></system-out>
</testcase>
<system-out><![CDATA[
unique-id: [engine:junit-jupiter]
display-name: JUnit Jupiter
]]></system-out>
</testsuite>
